0 info it worked if it ends with ok
1 verbose cli [ '/usr/bin/nodejs', '/usr/bin/npm', 'run', 'server' ]
2 info using npm@3.7.3
3 info using node@v5.8.0
4 verbose run-script [ 'preserver', 'server', 'postserver' ]
5 info lifecycle angular-protractor-test@1.0.0~preserver: angular-protractor-test@1.0.0
6 silly lifecycle angular-protractor-test@1.0.0~preserver: no script for preserver, continuing
7 info lifecycle angular-protractor-test@1.0.0~server: angular-protractor-test@1.0.0
8 verbose lifecycle angular-protractor-test@1.0.0~server: unsafe-perm in lifecycle true
9 verbose lifecycle angular-protractor-test@1.0.0~server: PATH: /usr/lib/node_modules/npm/bin/node-gyp-bin:/home/skovmand/Projects/protactor-playground/node_modules/.bin:/usr/bin:/usr/local/sbin:/usr/local/bin:/usr/sbin:/usr/bin:/sbin:/bin:/usr/games:/usr/local/games
10 verbose lifecycle angular-protractor-test@1.0.0~server: CWD: /home/skovmand/Projects/protactor-playground
11 silly lifecycle angular-protractor-test@1.0.0~server: Args: [ '-c', 'lite-server' ]
12 silly lifecycle angular-protractor-test@1.0.0~server: Returned: code: 1  signal: null
13 info lifecycle angular-protractor-test@1.0.0~server: Failed to exec server script
14 verbose stack Error: angular-protractor-test@1.0.0 server: `lite-server`
14 verbose stack Exit status 1
14 verbose stack     at EventEmitter.<anonymous> (/usr/lib/node_modules/npm/lib/utils/lifecycle.js:239:16)
14 verbose stack     at emitTwo (events.js:100:13)
14 verbose stack     at EventEmitter.emit (events.js:185:7)
14 verbose stack     at ChildProcess.<anonymous> (/usr/lib/node_modules/npm/lib/utils/spawn.js:24:14)
14 verbose stack     at emitTwo (events.js:100:13)
14 verbose stack     at ChildProcess.emit (events.js:185:7)
14 verbose stack     at maybeClose (internal/child_process.js:850:16)
14 verbose stack     at Process.ChildProcess._handle.onexit (internal/child_process.js:215:5)
15 verbose pkgid angular-protractor-test@1.0.0
16 verbose cwd /home/skovmand/Projects/protactor-playground
17 error Linux 4.2.0-30-generic
18 error argv "/usr/bin/nodejs" "/usr/bin/npm" "run" "server"
19 error node v5.8.0
20 error npm  v3.7.3
21 error code ELIFECYCLE
22 error angular-protractor-test@1.0.0 server: `lite-server`
22 error Exit status 1
23 error Failed at the angular-protractor-test@1.0.0 server script 'lite-server'.
23 error Make sure you have the latest version of node.js and npm installed.
23 error If you do, this is most likely a problem with the angular-protractor-test package,
23 error not with npm itself.
23 error Tell the author that this fails on your system:
23 error     lite-server
23 error You can get information on how to open an issue for this project with:
23 error     npm bugs angular-protractor-test
23 error Or if that isn't available, you can get their info via:
23 error     npm owner ls angular-protractor-test
23 error There is likely additional logging output above.
24 verbose exit [ 1, true ]
